<?xml version="1.0" encoding="UTF-8"?>
<!-- Generated by org.testng.reporters.JUnitXMLReporter -->
<testsuite ignored="6" hostname="DESKTOP-692TVCS" failures="0" tests="1" name="Default test" time="15.283" errors="0" timestamp="2023-08-26T05:17:05 IST">
  <testcase classname="test.LOGge" name="user_provides_no_login_information" time="15.206"/>
  <testcase classname="test.LOGge" name="user_provides_only_valid_password_information" time="0.0">
    <ignored/>
  </testcase> <!-- user_provides_only_valid_password_information -->
  <testcase classname="test.LOGge" name="user_provides_invalid_credentials" time="0.0">
    <ignored/>
  </testcase> <!-- user_provides_invalid_credentials -->
  <testcase classname="test.LOGge" name="user_provides_valid_usernameOremail_and_invalid_password" time="0.0">
    <ignored/>
  </testcase> <!-- user_provides_valid_usernameOremail_and_invalid_password -->
  <testcase classname="test.LOGge" name="user_provides_valid_credentials" time="0.0">
    <ignored/>
  </testcase> <!-- user_provides_valid_credentials -->
  <testcase classname="test.LOGge" name="user_provides_only_valid_UsernameOremail_information" time="0.0">
    <ignored/>
  </testcase> <!-- user_provides_only_valid_UsernameOremail_information -->
  <testcase classname="test.LOGge" name="user_provides_invalid_usernameOremail_and_valid_password" time="0.0">
    <ignored/>
  </testcase> <!-- user_provides_invalid_usernameOremail_and_valid_password -->
</testsuite> <!-- Default test -->
