<?xml version="1.0" encoding="UTF-8"?>
<testng-results ignored="0" total="1" passed="1" failed="0" skipped="0">
  <reporter-output>
  </reporter-output>
  <suite started-at="2023-08-26T05:16:50 IST" name="Default suite" finished-at="2023-08-26T05:17:05 IST" duration-ms="15283">
    <groups>
    </groups>
    <test started-at="2023-08-26T05:16:50 IST" name="Default test" finished-at="2023-08-26T05:17:05 IST" duration-ms="15283">
      <class name="test.LOGge">
        <test-method signature="user_provides_no_login_information()[pri:7, instance:test.LOGge@4afcd809]" started-at="2023-08-26T05:16:50 IST" name="user_provides_no_login_information" finished-at="2023-08-26T05:17:05 IST" duration-ms="15206" status="PASS">
          <reporter-output>
          </reporter-output>
        </test-method> <!-- user_provides_no_login_information -->
      </class> <!-- test.LOGge -->
    </test> <!-- Default test -->
  </suite> <!-- Default suite -->
</testng-results>
